dibHQ/build/outputs/proguard/release/seeds.txt
com.appindesign.dibhq.DibHqLocalStore
com.appindesign.dibhq.DibHqLocalStore: DibHqLocalStore()
com.appindesign.dibhq.DibHqMain
com.appindesign.dibhq.DibHqMain: DibHqMain()
com.appindesign.dibhq.R$anim: int abc_fade_in
com.appindesign.dibhq.R$anim: int abc_fade_out
com.appindesign.dibhq.R$anim: int abc_slide_in_bottom
com.appindesign.dibhq.R$anim: int abc_slide_in_top
com.appindesign.dibhq.R$anim: int abc_slide_out_bottom
com.appindesign.dibhq.R$anim: int abc_slide_out_top
com.appindesign.dibhq.R$array: int resultColumnTags
com.appindesign.dibhq.R$array: int sortListOptions
com.appindesign.dibhq.R$array: int sortSql
com.appindesign.dibhq.R$attr: int actionBarDivider
com.appindesign.dibhq.R$attr: int actionBarItemBackground
com.appindesign.dibhq.R$attr: int actionBarSize
com.appindesign.dibhq.R$attr: int actionBarSplitStyle
com.appindesign.dibhq.R$attr: int actionBarStyle
com.appindesign.dibhq.R$attr: int actionBarTabBarStyle
com.appindesign.dibhq.R$attr: int actionBarTabStyle
com.appindesign.dibhq.R$attr: int actionBarTabTextStyle
com.appindesign.dibhq.R$attr: int actionBarWidgetTheme
com.appindesign.dibhq.R$attr: int actionButtonStyle
com.appindesign.dibhq.R$attr: int actionDropDownStyle
com.appindesign.dibhq.R$attr: int actionLayout
com.appindesign.dibhq.R$attr: int actionMenuTextAppearance
com.appindesign.dibhq.R$attr: int actionMenuTextColor
com.appindesign.dibhq.R$attr: int actionModeBackground
com.appindesign.dibhq.R$attr: int actionModeCloseButtonStyle
com.appindesign.dibhq.R$attr: int actionModeCloseDrawable
com.appindesign.dibhq.R$attr: int actionModeCopyDrawable
com.appindesign.dibhq.R$attr: int actionModeCutDrawable
com.appindesign.dibhq.R$attr: int actionModeFindDrawable
com.appindesign.dibhq.R$attr: int actionModePasteDrawable
com.appindesign.dibhq.R$attr: int actionModePopupWindowStyle
com.appindesign.dibhq.R$attr: int actionModeSelectAllDrawable
com.appindesign.dibhq.R$attr: int actionModeShareDrawable
com.appindesign.dibhq.R$attr: int actionModeSplitBackground
com.appindesign.dibhq.R$attr: int actionModeStyle
com.appindesign.dibhq.R$attr: int actionModeWebSearchDrawable
com.appindesign.dibhq.R$bool: int abc_action_bar_embed_tabs_pre_jb
com.appindesign.dibhq.R$bool: int abc_action_bar_expanded_action_views_exclusive
com.appindesign.dibhq.R$bool: int abc_config_actionMenuItemAllCaps
com.appindesign.dibhq.R$bool: int abc_config_allowActionMenuItemTextWithIcon
com.appindesign.dibhq.R$bool: int abc_config_showMenuShortcutsWhenKeyboardPresent
com.appindesign.dibhq.R$bool: int abc_split_action_bar_is_narrow
com.appindesign.dibhq.R$color: int abc_search_url_text_holo
com.appindesign.dibhq.R$color: int abc_search_url_text_normal
com.appindesign.dibhq.R$color: int abc_search_url_text_pressed
com.appindesign.dibhq.R$color: int abc_search_url_text_selected
com.appindesign.dibhq.R$color: int accent
com.appindesign.dibhq.R$color: int accentDark
com.appindesign.dibhq.R$color: int accentLight
com.appindesign.dibhq.R$color: int actionBarText
com.appindesign.dibhq.R$color: int hintText
com.appindesign.dibhq.R$color: int primary
com.appindesign.dibhq.R$color: int primaryDark
com.appindesign.dibhq.R$color: int primaryLight
com.appindesign.dibhq.R$color: int secondaryText
com.appindesign.dibhq.R$color: int text
...
android.support.v7.internal.widget.AbsActionBarView: AbsActionBarView(android.content.Context)
android.support.v7.internal.widget.AbsActionBarView: AbsActionBarView(android.content.Context,android.util.AttributeSet)
android.support.v7.internal.widget.AbsActionBarView: AbsActionBarView(android.content.Context,android.util.AttributeSet,int)
android.support.v7.internal.widget.AbsActionBarView: void setSplitActionBar(boolean)
android.support.v7.internal.widget.AbsActionBarView: void setSplitWhenNarrow(boolean)
android.support.v7.internal.widget.AbsActionBarView: void setContentHeight(int)
android.support.v7.internal.widget.AbsActionBarView: int getContentHeight()
android.support.v7.internal.widget.AbsActionBarView: void setSplitView(android.support.v7.internal.widget.ActionBarContainer)
android.support.v7.internal.widget.AbsActionBarView: int getAnimatedVisibility()
android.support.v7.internal.widget.AbsActionBarView: void setVisibility(int)
android.support.v7.internal.widget.AbsSpinnerICS$SavedState
android.support.v7.internal.widget.AbsSpinnerICS$SavedState: android.os.Parcelable$Creator CREATOR
android.support.v7.internal.widget.ActionBarContainer
android.support.v7.internal.widget.ActionBarContainer: ActionBarContainer(android.content.Context)
android.support.v7.internal.widget.ActionBarContainer: ActionBarContainer(android.content.Context,android.util.AttributeSet)
android.support.v7.internal.widget.ActionBarContainer: void setPrimaryBackground(android.graphics.drawable.Drawable)
android.support.v7.internal.widget.ActionBarContainer: void setStackedBackground(android.graphics.drawable.Drawable)
android.support.v7.internal.widget.ActionBarContainer: void setSplitBackground(android.graphics.drawable.Drawable)
android.support.v7.internal.widget.ActionBarContainer: void setVisibility(int)
android.support.v7.internal.widget.ActionBarContainer: void setTransitioning(boolean)
android.support.v7.internal.widget.ActionBarContainer: void setTabContainer(android.support.v7.internal.widget.ScrollingTabContainerView)
android.support.v7.internal.widget.ActionBarContainer: android.view.View getTabContainer()
android.support.v7.internal.widget.ActionBarContextView
android.support.v7.internal.widget.ActionBarContextView: ActionBarContextView(android.content.Context)
android.support.v7.internal.widget.ActionBarContextView: ActionBarContextView(android.content.Context,android.util.AttributeSet)
android.support.v7.internal.widget.ActionBarContextView: ActionBarContextView(android.content.Context,android.util.AttributeSet,int)
android.support.v7.internal.widget.ActionBarContextView: void setSplitActionBar(boolean)
android.support.v7.internal.widget.ActionBarContextView: void setContentHeight(int)
android.support.v7.internal.widget.ActionBarContextView: void setCustomView(android.view.View)
android.support.v7.internal.widget.ActionBarContextView: void setTitle(java.lang.CharSequence)
android.support.v7.internal.widget.ActionBarContextView: void setSubtitle(java.lang.CharSequence)
android.support.v7.internal.widget.ActionBarContextView: java.lang.CharSequence getTitle()
android.support.v7.internal.widget.ActionBarContextView: java.lang.CharSequence getSubtitle()
android.support.v7.internal.widget.ActionBarContextView: void setTitleOptional(boolean)
android.support.v7.internal.widget.ActionBarContextView: void setVisibility(int)
android.support.v7.internal.widget.ActionBarContextView: int getAnimatedVisibility()
android.support.v7.internal.widget.ActionBarContextView: void setSplitView(android.support.v7.internal.widget.ActionBarContainer)
android.support.v7.internal.widget.ActionBarOverlayLayout
android.support.v7.internal.widget.ActionBarOverlayLayout: ActionBarOverlayLayout(android.content.Context)
android.support.v7.internal.widget.ActionBarOverlayLayout: ActionBarOverlayLayout(android.content.Context,android.util.AttributeSet)
android.support.v7.internal.widget.ActionBarOverlayLayout: void setActionBar(android.support.v7.app.ActionBar)