dibHQ/build/outputs/proguard/release/mapping.txt
com.appindesign.dibhq.DibHqLocalStore -> com.appindesign.dibhq.DibHqLocalStore:
    android.net.Uri CONTENT_URI -> a
    android.content.UriMatcher uriMatcher -> b
    android.database.sqlite.SQLiteDatabase oLocalStoreDB -> c
    java.lang.String getType(android.net.Uri) -> getType
    boolean onCreate() -> onCreate
    android.net.Uri insert(android.net.Uri,android.content.ContentValues) -> insert
    int delete(android.net.Uri,java.lang.String,java.lang.String[]) -> delete
    int update(android.net.Uri,android.content.ContentValues,java.lang.String,java.lang.String[]) -> update
    android.database.Cursor query(android.net.Uri,java.lang.String[],java.lang.String,java.lang.String[],java.lang.String) -> query
com.appindesign.dibhq.DibHqLocalStore$DatabaseHelper -> com.appindesign.dibhq.a:
    void onCreate(android.database.sqlite.SQLiteDatabase) -> onCreate
    void onUpgrade(android.database.sqlite.SQLiteDatabase,int,int) -> onUpgrade
com.appindesign.dibhq.DibHqMain -> com.appindesign.dibhq.DibHqMain:
    int mnSortOrder -> o
    int mnCOURSE_ORDER -> p
    java.util.ArrayList mResultsList -> q
    android.widget.SimpleAdapter mResultsAdapter -> r
    int mQR_SCAN_ACTIVITY -> s
    java.text.SimpleDateFormat mSdf_Local_HH_mm -> t
    java.text.SimpleDateFormat mSdf_UTC_HH_mm_ss -> u
    android.content.BroadcastReceiver mResultReceiver -> v
    void onCreate(android.os.Bundle) -> onCreate
    void createSortNavigationDropDown() -> i
    void onPause() -> onPause
    void onResume() -> onResume
    void refreshResultsDisplay() -> k
    void makeEventResults() -> l
    void makeCourseResults(java.lang.String) -> b
    void onQrScanRequest() -> j
    void onActivityResult(int,int,android.content.Intent) -> onActivityResult
    boolean onCreateOptionsMenu(android.view.Menu) -> onCreateOptionsMenu
    boolean onOptionsItemSelected(android.view.MenuItem) -> onOptionsItemSelected
    void exportAll() -> m
    void exportSimpleResults() -> n
    void deleteResults() -> o
    void about() -> p
    void makeToast(java.lang.String) -> c
    void shareResults() -> q
    void access$000(com.appindesign.dibhq.DibHqMain) -> a
com.appindesign.dibhq.DibHqMain$1 -> com.appindesign.dibhq.b:
    com.appindesign.dibhq.DibHqMain this$0 -> a
    void onReceive(android.content.Context,android.content.Intent) -> onReceive
com.appindesign.dibhq.DibHqMain$2 -> com.appindesign.dibhq.c:
    com.appindesign.dibhq.DibHqMain this$0 -> a
    boolean onNavigationItemSelected(int,long) -> a
com.appindesign.dibhq.DibHqMain$3 -> com.appindesign.dibhq.d:
    com.appindesign.dibhq.DibHqMain this$0 -> a
    void onClick(android.content.DialogInterface,int) -> onClick
com.appindesign.dibhq.DibHqMain$4 -> com.appindesign.dibhq.e:
    com.appindesign.dibhq.DibHqMain this$0 -> a
    void onClick(android.content.DialogInterface,int) -> onClick
com.appindesign.dibhq.DibHqMain$5 -> com.appindesign.dibhq.f:
    com.appindesign.dibhq.DibHqMain this$0 -> a
    void onClick(android.content.DialogInterface,int) -> onClick
com.appindesign.dibhq.ExportIofXml203 -> com.appindesign.dibhq.g:
    void writeDomToFile(android.content.Context,org.w3c.dom.Document) -> a
com.appindesign.dibhq.ExportSplitsBrowserCsv -> com.appindesign.dibhq.h:
    void writeStringToFile(android.content.Context,java.lang.String) -> a
com.appindesign.dibhq.ListOfCourses -> com.appindesign.dibhq.i:
    java.util.List sList -> a
    int numberOfCourses -> b
    java.lang.String getName(int) -> a
    int getNumberOfCourses() -> a
com.appindesign.dibhq.ReceiverOfResults -> com.appindesign.dibhq.ReceiverOfResults:
    void onReceive(android.content.Context,android.content.Intent) -> onReceive
com.appindesign.dibhq.ReceiverOfSms -> com.appindesign.dibhq.ReceiverOfSms:
    void onReceive(android.content.Context,android.content.Intent) -> onReceive
com.appindesign.dibhq.StorageLocation -> com.appindesign.dibhq.j:
    java.io.File file -> a
    java.io.File getFile() -> a
...
android.support.v4.widget.ScrollerCompat$ScrollerCompatImplBase -> android.support.v4.widget.s:
    boolean isFinished(java.lang.Object) -> a
    int getCurrX(java.lang.Object) -> b
    int getCurrY(java.lang.Object) -> c
    boolean computeScrollOffset(java.lang.Object) -> d
    void startScroll(java.lang.Object,int,int,int,int,int) -> a
    void abortAnimation(java.lang.Object) -> e
    int getFinalX(java.lang.Object) -> f
    int getFinalY(java.lang.Object) -> g
android.support.v4.widget.ScrollerCompat$ScrollerCompatImplGingerbread -> android.support.v4.widget.t:
    boolean isFinished(java.lang.Object) -> a
    int getCurrX(java.lang.Object) -> b
    int getCurrY(java.lang.Object) -> c
    boolean computeScrollOffset(java.lang.Object) -> d
    void startScroll(java.lang.Object,int,int,int,int,int) -> a
    void abortAnimation(java.lang.Object) -> e
    int getFinalX(java.lang.Object) -> f
    int getFinalY(java.lang.Object) -> g
android.support.v4.widget.ScrollerCompat$ScrollerCompatImplIcs -> android.support.v4.widget.u:
android.support.v4.widget.ScrollerCompatGingerbread -> android.support.v4.widget.v:
    boolean isFinished(java.lang.Object) -> a
    int getCurrX(java.lang.Object) -> b
    int getCurrY(java.lang.Object) -> c
    boolean computeScrollOffset(java.lang.Object) -> d
    void startScroll(java.lang.Object,int,int,int,int,int) -> a
    void abortAnimation(java.lang.Object) -> e
    int getFinalX(java.lang.Object) -> f
    int getFinalY(java.lang.Object) -> g
android.support.v4.widget.SlidingPaneLayout -> android.support.v4.widget.SlidingPaneLayout:
    int mSliderFadeColor -> b
    int mCoveredFadeColor -> c
    android.graphics.drawable.Drawable mShadowDrawable -> d
    int mOverhangSize -> e
    boolean mCanSlide -> f
    android.view.View mSlideableView -> g
    float mSlideOffset -> h
    float mParallaxOffset -> i
    int mSlideRange -> j
    boolean mIsUnableToDrag -> k
    int mParallaxBy -> l
    float mInitialMotionX -> m
    float mInitialMotionY -> n
    android.support.v4.widget.SlidingPaneLayout$PanelSlideListener mPanelSlideListener -> o
    android.support.v4.widget.ViewDragHelper mDragHelper -> p
    boolean mPreservedOpenState -> q
    boolean mFirstLayout -> r
    android.graphics.Rect mTmpRect -> s
    java.util.ArrayList mPostedRunnables -> t
    android.support.v4.widget.SlidingPaneLayout$SlidingPanelLayoutImpl IMPL -> a
    void setParallaxDistance(int) -> setParallaxDistance
    int getParallaxDistance() -> getParallaxDistance
    void setSliderFadeColor(int) -> setSliderFadeColor
    int getSliderFadeColor() -> getSliderFadeColor
    void setCoveredFadeColor(int) -> setCoveredFadeColor
    int getCoveredFadeColor() -> getCoveredFadeColor
    void setPanelSlideListener(android.support.v4.widget.SlidingPaneLayout$PanelSlideListener) -> setPanelSlideListener
    void updateObscuredViewsVisibility(android.view.View) -> a
    void setAllChildrenVisible() -> a
    boolean viewIsOpaque(android.view.View) -> c
android.support.v4.widget.SlidingPaneLayout$1 -> android.support.v4.widget.w:
android.support.v4.widget.SlidingPaneLayout$DisableLayerRunnable -> android.support.v4.widget.x:
    android.view.View mChildView -> a
    android.support.v4.widget.SlidingPaneLayout this$0 -> b
    void run() -> run
android.support.v4.widget.SlidingPaneLayout$LayoutParams -> android.support.v4.widget.y:
    int[] ATTRS -> e
    float weight -> a
    boolean slideable -> b
    boolean dimWhenOffset -> c
    android.graphics.Paint dimPaint -> d
android.support.v4.widget.SlidingPaneLayout$PanelSlideListener -> android.support.v4.widget.z:
android.support.v4.widget.SlidingPaneLayout$SavedState -> android.support.v4.widget.SlidingPaneLayout$SavedState:
    boolean isOpen -> a
    android.os.Parcelable$Creator CREATOR -> CREATOR
    void writeToParcel(android.os.Parcel,int) -> writeToParcel